Build started 10/26/2014 3:14:12 AM.
     1>Project "c:\Users\Kevin\documents\visual studio 2012\Projects\graphics\graphics\graphics.vcxproj" on node 2 (Build target(s)).
     1>ClCompile:
         C:\Program Files (x86)\Microsoft Visual Studio 11.0\VC\bin\CL.exe /c /ZI /nologo /W3 /WX- /Od /Oy- /D _MBCS /Gm /EHsc /RTC1 /MDd /GS /fp:precise /Zc:wchar_t /Zc:forScope /Fo"Debug\\" /Fd"Debug\vc110.pdb" /Gd /TP /analyze- /errorReport:prompt graphics.cpp
         graphics.cpp
     1>c:\users\kevin\documents\visual studio 2012\projects\graphics\graphics\graphics.cpp(53): error C3867: 'Shape::getVerticies': function call missing argument list; use '&Shape::getVerticies' to create a pointer to member
     1>c:\users\kevin\documents\visual studio 2012\projects\graphics\graphics\graphics.cpp(53): error C2109: subscript requires array or pointer type
     1>c:\users\kevin\documents\visual studio 2012\projects\graphics\graphics\graphics.cpp(62): error C3867: 'Shape::getIndicies': function call missing argument list; use '&Shape::getIndicies' to create a pointer to member
     1>c:\users\kevin\documents\visual studio 2012\projects\graphics\graphics\graphics.cpp(62): error C2109: subscript requires array or pointer type
     1>c:\users\kevin\documents\visual studio 2012\projects\graphics\graphics\graphics.cpp(89): warning C4244: 'argument' : conversion from 'float' to 'int', possible loss of data
     1>c:\users\kevin\documents\visual studio 2012\projects\graphics\graphics\graphics.cpp(107): warning C4244: 'argument' : conversion from 'float' to 'int', possible loss of data
     1>c:\users\kevin\documents\visual studio 2012\projects\graphics\graphics\graphics.cpp(108): warning C4244: 'argument' : conversion from 'float' to 'int', possible loss of data
     1>c:\users\kevin\documents\visual studio 2012\projects\graphics\graphics\graphics.cpp(109): warning C4244: 'argument' : conversion from 'float' to 'int', possible loss of data
     1>c:\users\kevin\documents\visual studio 2012\projects\graphics\graphics\graphics.cpp(119): warning C4244: 'initializing' : conversion from 'float' to 'int', possible loss of data
     1>c:\users\kevin\documents\visual studio 2012\projects\graphics\graphics\graphics.cpp(120): warning C4244: 'initializing' : conversion from 'float' to 'int', possible loss of data
     1>c:\users\kevin\documents\visual studio 2012\projects\graphics\graphics\graphics.cpp(121): warning C4244: 'initializing' : conversion from 'float' to 'int', possible loss of data
     1>c:\users\kevin\documents\visual studio 2012\projects\graphics\graphics\graphics.cpp(122): warning C4244: 'initializing' : conversion from 'float' to 'int', possible loss of data
     1>c:\users\kevin\documents\visual studio 2012\projects\graphics\graphics\graphics.cpp(132): warning C4244: 'argument' : conversion from 'float' to 'COLORREF', possible loss of data
     1>c:\users\kevin\documents\visual studio 2012\projects\graphics\graphics\graphics.cpp(173): warning C4244: 'argument' : conversion from 'int' to 'float', possible loss of data
     1>Done Building Project "c:\Users\Kevin\documents\visual studio 2012\Projects\graphics\graphics\graphics.vcxproj" (Build target(s)) -- FAILED.

Build FAILED.

Time Elapsed 00:00:02.16
