C:\USERS\KEVIN\DOCUMENTS\VISUAL STUDIO 2012\PROJECTS\GRAPHICS\GRAPHICS\DEBUG\MAIN.OBJ
C:\USERS\KEVIN\DOCUMENTS\VISUAL STUDIO 2012\PROJECTS\GRAPHICS\GRAPHICS\DEBUG\UTILS.OBJ
C:\USERS\KEVIN\DOCUMENTS\VISUAL STUDIO 2012\PROJECTS\GRAPHICS\GRAPHICS\DEBUG\GRAPHICS.OBJ
C:\USERS\KEVIN\DOCUMENTS\VISUAL STUDIO 2012\PROJECTS\GRAPHICS\GRAPHICS\DEBUG\VC110.PDB
C:\USERS\KEVIN\DOCUMENTS\VISUAL STUDIO 2012\PROJECTS\GRAPHICS\GRAPHICS\DEBUG\MATRIX.OBJ
C:\USERS\KEVIN\DOCUMENTS\VISUAL STUDIO 2012\PROJECTS\GRAPHICS\GRAPHICS\DEBUG\SHAPE.OBJ
C:\USERS\KEVIN\DOCUMENTS\VISUAL STUDIO 2012\PROJECTS\GRAPHICS\DEBUG\GRAPHICS.ILK
C:\USERS\KEVIN\DOCUMENTS\VISUAL STUDIO 2012\PROJECTS\GRAPHICS\DEBUG\GRAPHICS.EXE
C:\USERS\KEVIN\DOCUMENTS\VISUAL STUDIO 2012\PROJECTS\GRAPHICS\DEBUG\GRAPHICS.PDB
c:\Users\Kevin\documents\visual studio 2012\Projects\graphics\graphics\Debug\graphics.obj
c:\Users\Kevin\documents\visual studio 2012\Projects\graphics\graphics\Debug\main.obj
c:\Users\Kevin\documents\visual studio 2012\Projects\graphics\graphics\Debug\Matrix.obj
c:\Users\Kevin\documents\visual studio 2012\Projects\graphics\graphics\Debug\Shape.obj
c:\Users\Kevin\documents\visual studio 2012\Projects\graphics\graphics\Debug\utils.obj
c:\Users\Kevin\documents\visual studio 2012\Projects\graphics\graphics\Debug\cl.command.1.tlog
c:\Users\Kevin\documents\visual studio 2012\Projects\graphics\graphics\Debug\CL.read.1.tlog
c:\Users\Kevin\documents\visual studio 2012\Projects\graphics\graphics\Debug\CL.write.1.tlog
c:\Users\Kevin\documents\visual studio 2012\Projects\graphics\graphics\Debug\link-cvtres.read.1.tlog
c:\Users\Kevin\documents\visual studio 2012\Projects\graphics\graphics\Debug\link-cvtres.write.1.tlog
c:\Users\Kevin\documents\visual studio 2012\Projects\graphics\graphics\Debug\link-rc.read.1.tlog
c:\Users\Kevin\documents\visual studio 2012\Projects\graphics\graphics\Debug\link-rc.write.1.tlog
c:\Users\Kevin\documents\visual studio 2012\Projects\graphics\graphics\Debug\link.3736-cvtres.read.1.tlog
c:\Users\Kevin\documents\visual studio 2012\Projects\graphics\graphics\Debug\link.3736-cvtres.write.1.tlog
c:\Users\Kevin\documents\visual studio 2012\Projects\graphics\graphics\Debug\link.3736-rc.read.1.tlog
c:\Users\Kevin\documents\visual studio 2012\Projects\graphics\graphics\Debug\link.3736-rc.write.1.tlog
c:\Users\Kevin\documents\visual studio 2012\Projects\graphics\graphics\Debug\link.3736.read.1.tlog
c:\Users\Kevin\documents\visual studio 2012\Projects\graphics\graphics\Debug\link.3736.write.1.tlog
c:\Users\Kevin\documents\visual studio 2012\Projects\graphics\graphics\Debug\link.7404-cvtres.read.1.tlog
c:\Users\Kevin\documents\visual studio 2012\Projects\graphics\graphics\Debug\link.7404-cvtres.write.1.tlog
c:\Users\Kevin\documents\visual studio 2012\Projects\graphics\graphics\Debug\link.7404-rc.read.1.tlog
c:\Users\Kevin\documents\visual studio 2012\Projects\graphics\graphics\Debug\link.7404-rc.write.1.tlog
c:\Users\Kevin\documents\visual studio 2012\Projects\graphics\graphics\Debug\link.7404.read.1.tlog
c:\Users\Kevin\documents\visual studio 2012\Projects\graphics\graphics\Debug\link.7404.write.1.tlog
c:\Users\Kevin\documents\visual studio 2012\Projects\graphics\graphics\Debug\link.8656-cvtres.read.1.tlog
c:\Users\Kevin\documents\visual studio 2012\Projects\graphics\graphics\Debug\link.8656-cvtres.write.1.tlog
c:\Users\Kevin\documents\visual studio 2012\Projects\graphics\graphics\Debug\link.8656-rc.read.1.tlog
c:\Users\Kevin\documents\visual studio 2012\Projects\graphics\graphics\Debug\link.8656-rc.write.1.tlog
c:\Users\Kevin\documents\visual studio 2012\Projects\graphics\graphics\Debug\link.8656.read.1.tlog
c:\Users\Kevin\documents\visual studio 2012\Projects\graphics\graphics\Debug\link.8656.write.1.tlog
c:\Users\Kevin\documents\visual studio 2012\Projects\graphics\graphics\Debug\link.command.1.tlog
c:\Users\Kevin\documents\visual studio 2012\Projects\graphics\graphics\Debug\link.read.1.tlog
c:\Users\Kevin\documents\visual studio 2012\Projects\graphics\graphics\Debug\link.write.1.tlog
c:\Users\Kevin\documents\visual studio 2012\Projects\graphics\graphics\Debug\vc110.idb
c:\Users\Kevin\documents\visual studio 2012\Projects\graphics\graphics\Debug\vc110.pdb
c:\users\kevin\documents\visual studio 2012\Projects\graphics\Debug\graphics.pdb
